<?xml version="1.0" encoding="UTF-8" ?>
<testsuite failures="0" time="0.059" errors="0" skipped="0" tests="1" name="com.tbitsglobal.AppTest">
  <properties>
    <property name="java.runtime.name" value="Java(TM) SE Runtime Environment"/>
    <property name="sun.boot.library.path" value="/usr/lib/jvm/jdk1.6.0_32/jre/lib/amd64"/>
    <property name="java.vm.version" value="20.7-b02"/>
    <property name="java.vm.vendor" value="Sun Microsystems Inc."/>
    <property name="java.vendor.url" value="http://java.sun.com/"/>
    <property name="path.separator" value=":"/>
    <property name="java.vm.name" value="Java HotSpot(TM) 64-Bit Server VM"/>
    <property name="file.encoding.pkg" value="sun.io"/>
    <property name="user.country" value="IN"/>
    <property name="sun.java.launcher" value="SUN_STANDARD"/>
    <property name="sun.os.patch.level" value="unknown"/>
    <property name="java.vm.specification.name" value="Java Virtual Machine Specification"/>
    <property name="user.dir" value="/home/govind/training2/emptest"/>
    <property name="java.runtime.version" value="1.6.0_32-b05"/>
    <property name="java.awt.graphicsenv" value="sun.awt.X11GraphicsEnvironment"/>
    <property name="basedir" value="/home/govind/training2/emptest"/>
    <property name="java.endorsed.dirs" value="/usr/lib/jvm/jdk1.6.0_32/jre/lib/endorsed"/>
    <property name="os.arch" value="amd64"/>
    <property name="surefire.real.class.path" value="/home/govind/training2/emptest/target/surefire/surefirebooter7942192356216356060.jar"/>
    <property name="java.io.tmpdir" value="/tmp"/>
    <property name="line.separator" value="
"/>
    <property name="java.vm.specification.vendor" value="Sun Microsystems Inc."/>
    <property name="os.name" value="Linux"/>
    <property name="sun.jnu.encoding" value="UTF-8"/>
    <property name="java.library.path" value="/usr/lib/jvm/jdk1.6.0_32/jre/lib/amd64/server:/usr/lib/jvm/jdk1.6.0_32/jre/lib/amd64:/usr/lib/jvm/jdk1.6.0_32/jre/../lib/amd64:/usr/java/packages/lib/amd64:/usr/lib64:/lib64:/lib:/usr/lib"/>
    <property name="surefire.test.class.path" value="/home/govind/training2/emptest/target/test-classes:/home/govind/training2/emptest/target/classes:/home/govind/.m2/repository/org/primefaces/primefaces/3.3.1/primefaces-3.3.1.jar:/home/govind/.m2/repository/junit/junit/3.8.1/junit-3.8.1.jar:/home/govind/.m2/repository/com/sun/faces/jsf-api/2.1.7/jsf-api-2.1.7.jar:/home/govind/.m2/repository/com/sun/faces/jsf-impl/2.1.7/jsf-impl-2.1.7.jar:/home/govind/.m2/repository/com/sun/jersey/jersey-server/1.8/jersey-server-1.8.jar:/home/govind/.m2/repository/asm/asm/3.1/asm-3.1.jar:/home/govind/.m2/repository/com/sun/jersey/jersey-core/1.8/jersey-core-1.8.jar:/home/govind/.m2/repository/com/sun/jersey/jersey-json/1.8/jersey-json-1.8.jar:/home/govind/.m2/repository/org/codehaus/jettison/jettison/1.1/jettison-1.1.jar:/home/govind/.m2/repository/stax/stax-api/1.0.1/stax-api-1.0.1.jar:/home/govind/.m2/repository/com/sun/xml/bind/jaxb-impl/2.2.3-1/jaxb-impl-2.2.3-1.jar:/home/govind/.m2/repository/org/codehaus/jackson/jackson-core-asl/1.7.1/jackson-core-asl-1.7.1.jar:/home/govind/.m2/repository/org/codehaus/jackson/jackson-mapper-asl/1.7.1/jackson-mapper-asl-1.7.1.jar:/home/govind/.m2/repository/org/codehaus/jackson/jackson-jaxrs/1.7.1/jackson-jaxrs-1.7.1.jar:/home/govind/.m2/repository/org/codehaus/jackson/jackson-xc/1.7.1/jackson-xc-1.7.1.jar:/home/govind/.m2/repository/mysql/mysql-connector-java/5.1.21/mysql-connector-java-5.1.21.jar:/home/govind/.m2/repository/javax/jdo/jdo-api/3.0/jdo-api-3.0.jar:/home/govind/.m2/repository/javax/transaction/transaction-api/1.1/transaction-api-1.1.jar:/home/govind/.m2/repository/org/datanucleus/datanucleus-core/3.0.3/datanucleus-core-3.0.3.jar:/home/govind/.m2/repository/org/datanucleus/datanucleus-api-jdo/3.0.2/datanucleus-api-jdo-3.0.2.jar:/home/govind/.m2/repository/org/datanucleus/datanucleus-rdbms/3.0.2/datanucleus-rdbms-3.0.2.jar:/home/govind/.m2/repository/org/datanucleus/datanucleus-enhancer/3.0.1/datanucleus-enhancer-3.0.1.jar:/home/govind/.m2/repository/org/datanucleus/datanucleus-jdo-query/3.0.2/datanucleus-jdo-query-3.0.2.jar:/home/govind/.m2/repository/org/datanucleus/datanucleus-xml/3.1.0-m1/datanucleus-xml-3.1.0-m1.jar:/home/govind/.m2/repository/javax/xml/bind/jaxb-api/2.1/jaxb-api-2.1.jar:/home/govind/.m2/repository/javax/xml/stream/stax-api/1.0-2/stax-api-1.0-2.jar:/home/govind/.m2/repository/javax/activation/activation/1.1/activation-1.1.jar:/home/govind/.m2/repository/javax/xml/jaxb-impl/2.1/jaxb-impl-2.1.jar:/home/govind/.m2/repository/com/sun/jersey/jersey-client/1.8/jersey-client-1.8.jar:/home/govind/.m2/repository/javax/servlet/jstl/1.2/jstl-1.2.jar:/home/govind/.m2/repository/javax/servlet/servlet-api/2.5/servlet-api-2.5.jar:/home/govind/.m2/repository/javax/servlet/jsp/jsp-api/2.1/jsp-api-2.1.jar:/home/govind/.m2/repository/com/sun/el/el-ri/1.0/el-ri-1.0.jar:"/>
    <property name="java.specification.name" value="Java Platform API Specification"/>
    <property name="java.class.version" value="50.0"/>
    <property name="sun.management.compiler" value="HotSpot 64-Bit Tiered Compilers"/>
    <property name="os.version" value="3.2.0-34-generic"/>
    <property name="user.home" value="/home/govind"/>
    <property name="user.timezone" value=""/>
    <property name="java.awt.printerjob" value="sun.print.PSPrinterJob"/>
    <property name="file.encoding" value="UTF-8"/>
    <property name="java.specification.version" value="1.6"/>
    <property name="user.name" value="govind"/>
    <property name="java.class.path" value="/home/govind/training2/emptest/target/test-classes:/home/govind/training2/emptest/target/classes:/home/govind/.m2/repository/org/primefaces/primefaces/3.3.1/primefaces-3.3.1.jar:/home/govind/.m2/repository/junit/junit/3.8.1/junit-3.8.1.jar:/home/govind/.m2/repository/com/sun/faces/jsf-api/2.1.7/jsf-api-2.1.7.jar:/home/govind/.m2/repository/com/sun/faces/jsf-impl/2.1.7/jsf-impl-2.1.7.jar:/home/govind/.m2/repository/com/sun/jersey/jersey-server/1.8/jersey-server-1.8.jar:/home/govind/.m2/repository/asm/asm/3.1/asm-3.1.jar:/home/govind/.m2/repository/com/sun/jersey/jersey-core/1.8/jersey-core-1.8.jar:/home/govind/.m2/repository/com/sun/jersey/jersey-json/1.8/jersey-json-1.8.jar:/home/govind/.m2/repository/org/codehaus/jettison/jettison/1.1/jettison-1.1.jar:/home/govind/.m2/repository/stax/stax-api/1.0.1/stax-api-1.0.1.jar:/home/govind/.m2/repository/com/sun/xml/bind/jaxb-impl/2.2.3-1/jaxb-impl-2.2.3-1.jar:/home/govind/.m2/repository/org/codehaus/jackson/jackson-core-asl/1.7.1/jackson-core-asl-1.7.1.jar:/home/govind/.m2/repository/org/codehaus/jackson/jackson-mapper-asl/1.7.1/jackson-mapper-asl-1.7.1.jar:/home/govind/.m2/repository/org/codehaus/jackson/jackson-jaxrs/1.7.1/jackson-jaxrs-1.7.1.jar:/home/govind/.m2/repository/org/codehaus/jackson/jackson-xc/1.7.1/jackson-xc-1.7.1.jar:/home/govind/.m2/repository/mysql/mysql-connector-java/5.1.21/mysql-connector-java-5.1.21.jar:/home/govind/.m2/repository/javax/jdo/jdo-api/3.0/jdo-api-3.0.jar:/home/govind/.m2/repository/javax/transaction/transaction-api/1.1/transaction-api-1.1.jar:/home/govind/.m2/repository/org/datanucleus/datanucleus-core/3.0.3/datanucleus-core-3.0.3.jar:/home/govind/.m2/repository/org/datanucleus/datanucleus-api-jdo/3.0.2/datanucleus-api-jdo-3.0.2.jar:/home/govind/.m2/repository/org/datanucleus/datanucleus-rdbms/3.0.2/datanucleus-rdbms-3.0.2.jar:/home/govind/.m2/repository/org/datanucleus/datanucleus-enhancer/3.0.1/datanucleus-enhancer-3.0.1.jar:/home/govind/.m2/repository/org/datanucleus/datanucleus-jdo-query/3.0.2/datanucleus-jdo-query-3.0.2.jar:/home/govind/.m2/repository/org/datanucleus/datanucleus-xml/3.1.0-m1/datanucleus-xml-3.1.0-m1.jar:/home/govind/.m2/repository/javax/xml/bind/jaxb-api/2.1/jaxb-api-2.1.jar:/home/govind/.m2/repository/javax/xml/stream/stax-api/1.0-2/stax-api-1.0-2.jar:/home/govind/.m2/repository/javax/activation/activation/1.1/activation-1.1.jar:/home/govind/.m2/repository/javax/xml/jaxb-impl/2.1/jaxb-impl-2.1.jar:/home/govind/.m2/repository/com/sun/jersey/jersey-client/1.8/jersey-client-1.8.jar:/home/govind/.m2/repository/javax/servlet/jstl/1.2/jstl-1.2.jar:/home/govind/.m2/repository/javax/servlet/servlet-api/2.5/servlet-api-2.5.jar:/home/govind/.m2/repository/javax/servlet/jsp/jsp-api/2.1/jsp-api-2.1.jar:/home/govind/.m2/repository/com/sun/el/el-ri/1.0/el-ri-1.0.jar:"/>
    <property name="java.vm.specification.version" value="1.0"/>
    <property name="sun.arch.data.model" value="64"/>
    <property name="java.home" value="/usr/lib/jvm/jdk1.6.0_32/jre"/>
    <property name="sun.java.command" value="/home/govind/training2/emptest/target/surefire/surefirebooter7942192356216356060.jar /home/govind/training2/emptest/target/surefire/surefire1470524008325879053tmp /home/govind/training2/emptest/target/surefire/surefire1470884361247428235tmp"/>
    <property name="java.specification.vendor" value="Sun Microsystems Inc."/>
    <property name="user.language" value="en"/>
    <property name="java.vm.info" value="mixed mode"/>
    <property name="java.version" value="1.6.0_32"/>
    <property name="java.ext.dirs" value="/usr/lib/jvm/jdk1.6.0_32/jre/lib/ext:/usr/java/packages/lib/ext"/>
    <property name="sun.boot.class.path" value="/usr/lib/jvm/jdk1.6.0_32/jre/lib/resources.jar:/usr/lib/jvm/jdk1.6.0_32/jre/lib/rt.jar:/usr/lib/jvm/jdk1.6.0_32/jre/lib/sunrsasign.jar:/usr/lib/jvm/jdk1.6.0_32/jre/lib/jsse.jar:/usr/lib/jvm/jdk1.6.0_32/jre/lib/jce.jar:/usr/lib/jvm/jdk1.6.0_32/jre/lib/charsets.jar:/usr/lib/jvm/jdk1.6.0_32/jre/lib/modules/jdk.boot.jar:/usr/lib/jvm/jdk1.6.0_32/jre/classes"/>
    <property name="java.vendor" value="Sun Microsystems Inc."/>
    <property name="localRepository" value="/home/govind/.m2/repository"/>
    <property name="file.separator" value="/"/>
    <property name="java.vendor.url.bug" value="http://java.sun.com/cgi-bin/bugreport.cgi"/>
    <property name="sun.cpu.endian" value="little"/>
    <property name="sun.io.unicode.encoding" value="UnicodeLittle"/>
    <property name="sun.desktop" value="gnome"/>
    <property name="sun.cpu.isalist" value=""/>
  </properties>
  <testcase time="0.002" classname="com.tbitsglobal.AppTest" name="testApp"/>
</testsuite>